2025.02.04 10:27:13 INFO  Started: Metals version 1.5.1 in folders '/Users/yongjian.tek/Desktop/language-tutorials' for client Visual Studio Code 1.96.4.
2025.02.04 10:27:13 INFO  no build target found for /Users/yongjian.tek/Desktop/language-tutorials/learn-scala/Coursera - Functional Programming in Scala/3. Data and Abstraction/scratchpad/src/main/scala/4-slides.scala. Using presentation compiler with project's scala-library version: 3.3.4
2025.02.04 10:27:14 INFO  Attempting to connect to the build server...
2025.02.04 10:27:14 INFO  Running BSP server List(/Users/yongjian.tek/Library/Application Support/Coursier/bin/.scala-cli.aux, bsp, --json-options, /Users/yongjian.tek/Desktop/language-tutorials/.scala-build/ide-options-v2.json, --json-launcher-options, /Users/yongjian.tek/Desktop/language-tutorials/.scala-build/ide-launcher-options.json, --envs-file, /Users/yongjian.tek/Desktop/language-tutorials/.scala-build/ide-envs.json, /Users/yongjian.tek/Desktop/language-tutorials)
2025.02.04 10:27:14 INFO  tracing is disabled for protocol BSP, to enable tracing of incoming and outgoing JSON messages create an empty file at /Users/yongjian.tek/Desktop/language-tutorials/.metals/bsp.trace.json or /Users/yongjian.tek/Library/Caches/org.scalameta.metals/bsp.trace.json
Feb 04, 2025 10:27:16 AM org.eclipse.lsp4j.jsonrpc.services.GenericEndpoint notify
WARNING: Unsupported notification method: metals/windowStateDidChange
2025.02.04 10:27:16 INFO  no build target found for /Users/yongjian.tek/Desktop/language-tutorials/learn-scala/Coursera - Functional Programming in Scala/3. Data and Abstraction/scratchpad/src/main/scala/4-slides.scala. Using presentation compiler with project's scala-library version: 3.3.4
Feb 04, 2025 10:27:16 AM org.eclipse.lsp4j.jsonrpc.RemoteEndpoint handleCancellation
WARNING: Unmatched cancel notification for request id 2
2025.02.04 10:27:16 INFO  no build target found for /Users/yongjian.tek/Desktop/language-tutorials/learn-scala/Coursera - Functional Programming in Scala/3. Data and Abstraction/scratchpad/src/main/scala/4-slides.scala. Using presentation compiler with project's scala-library version: 3.3.4
2025.02.04 10:27:17 INFO  time: Connected to build server in 2.79s
2025.02.04 10:27:17 INFO  Connected to Build server: scala-cli v1.5.4
2025.02.04 10:27:17 INFO  running doctor check
2025.02.04 10:27:17 INFO  java targets: language-tutorials_4b176b44ab, language-tutorials_4b176b44ab-test
Feb 04, 2025 10:27:17 AM org.eclipse.lsp4j.jsonrpc.services.GenericEndpoint notify
WARNING: Unsupported notification method: metals/windowStateDidChange
2025.02.04 10:27:17 INFO  compiling language-tutorials_4b176b44ab (25 scala sources and 292 java sources)
Feb 04, 2025 10:27:18 AM org.eclipse.lsp4j.jsonrpc.services.GenericEndpoint notify
WARNING: Unsupported notification method: metals/windowStateDidChange
2025.02.04 10:27:18 INFO  time: compiled language-tutorials_4b176b44ab in 1.44s
2025.02.04 10:27:18 INFO  compiling language-tutorials_4b176b44ab (25 scala sources and 292 java sources)
2025.02.04 10:27:19 INFO  time: indexed workspace in 2.72s
2025.02.04 10:27:20 INFO  time: compiled language-tutorials_4b176b44ab in 1.28s
2025.02.04 10:27:20 INFO  compiling language-tutorials_4b176b44ab (25 scala sources and 292 java sources)
2025.02.04 10:27:20 INFO  Deduplicating compilation of language-tutorials_4b176b44ab from bsp client 'scala-cli 1.5.4' (since 4.713s)
2025.02.04 10:27:20 INFO  compiling language-tutorials_4b176b44ab (25 scala sources and 292 java sources)
Feb 04, 2025 10:27:21 AM org.eclipse.lsp4j.jsonrpc.services.GenericEndpoint notify
WARNING: Unsupported notification method: metals/windowStateDidChange
2025.02.04 10:27:22 INFO  time: compiled language-tutorials_4b176b44ab in 1.11s
2025.02.04 10:27:22 INFO  compiling language-tutorials_4b176b44ab (25 scala sources and 292 java sources)
Feb 04, 2025 10:27:22 AM org.eclipse.lsp4j.jsonrpc.services.GenericEndpoint notify
WARNING: Unsupported notification method: metals/windowStateDidChange
2025.02.04 10:27:23 INFO  time: compiled language-tutorials_4b176b44ab in 1.09s
Feb 04, 2025 10:27:26 AM org.eclipse.lsp4j.jsonrpc.services.GenericEndpoint notify
WARNING: Unsupported notification method: metals/windowStateDidChange
Feb 04, 2025 10:27:28 AM org.eclipse.lsp4j.jsonrpc.services.GenericEndpoint notify
WARNING: Unsupported notification method: metals/windowStateDidChange
Feb 04, 2025 10:27:28 AM org.eclipse.lsp4j.jsonrpc.services.GenericEndpoint notify
WARNING: Unsupported notification method: metals/windowStateDidChange
Feb 04, 2025 10:27:32 AM org.eclipse.lsp4j.jsonrpc.services.GenericEndpoint notify
WARNING: Unsupported notification method: metals/windowStateDidChange
Feb 04, 2025 10:27:42 AM org.eclipse.lsp4j.jsonrpc.services.GenericEndpoint notify
WARNING: Unsupported notification method: metals/windowStateDidChange
Feb 04, 2025 10:27:43 AM org.eclipse.lsp4j.jsonrpc.services.GenericEndpoint notify
WARNING: Unsupported notification method: metals/windowStateDidChange
2025.02.04 10:27:46 INFO  compiling language-tutorials_4b176b44ab (25 scala sources and 292 java sources)
Feb 04, 2025 10:27:47 AM org.eclipse.lsp4j.jsonrpc.services.GenericEndpoint notify
WARNING: Unsupported notification method: metals/windowStateDidChange
2025.02.04 10:27:48 INFO  time: compiled language-tutorials_4b176b44ab in 1.19s
Feb 04, 2025 10:27:49 AM org.eclipse.lsp4j.jsonrpc.services.GenericEndpoint notify
WARNING: Unsupported notification method: metals/windowStateDidChange
2025.02.04 10:27:57 INFO  compiling language-tutorials_4b176b44ab (25 scala sources and 292 java sources)
Feb 04, 2025 10:27:57 AM org.eclipse.lsp4j.jsonrpc.services.GenericEndpoint notify
WARNING: Unsupported notification method: metals/windowStateDidChange
2025.02.04 10:27:57 INFO  time: compiled language-tutorials_4b176b44ab in 0.87s
Feb 04, 2025 10:28:00 AM org.eclipse.lsp4j.jsonrpc.services.GenericEndpoint notify
WARNING: Unsupported notification method: metals/windowStateDidChange
Feb 04, 2025 10:28:01 AM org.eclipse.lsp4j.jsonrpc.services.GenericEndpoint notify
WARNING: Unsupported notification method: metals/windowStateDidChange
Feb 04, 2025 10:28:05 AM org.eclipse.lsp4j.jsonrpc.services.GenericEndpoint notify
WARNING: Unsupported notification method: metals/windowStateDidChange
Feb 04, 2025 10:28:13 AM org.eclipse.lsp4j.jsonrpc.RemoteEndpoint handleCancellation
WARNING: Unmatched cancel notification for request id 138
2025.02.04 10:28:15 INFO  compiling language-tutorials_4b176b44ab (25 scala sources and 292 java sources)
2025.02.04 10:28:15 INFO  time: compiled language-tutorials_4b176b44ab in 0.98s
Feb 04, 2025 10:28:18 AM org.eclipse.lsp4j.jsonrpc.services.GenericEndpoint notify
WARNING: Unsupported notification method: metals/windowStateDidChange
Feb 04, 2025 10:28:20 AM org.eclipse.lsp4j.jsonrpc.services.GenericEndpoint notify
WARNING: Unsupported notification method: metals/windowStateDidChange
2025.02.04 10:28:26 INFO  compiling language-tutorials_4b176b44ab (25 scala sources and 292 java sources)
2025.02.04 10:28:26 INFO  time: compiled language-tutorials_4b176b44ab in 0.94s
Feb 04, 2025 10:28:29 AM org.eclipse.lsp4j.jsonrpc.services.GenericEndpoint notify
WARNING: Unsupported notification method: metals/windowStateDidChange
Feb 04, 2025 10:28:31 AM org.eclipse.lsp4j.jsonrpc.services.GenericEndpoint notify
WARNING: Unsupported notification method: metals/windowStateDidChange
2025.02.04 10:28:32 INFO  compiling language-tutorials_4b176b44ab (25 scala sources and 292 java sources)
2025.02.04 10:28:32 INFO  time: compiled language-tutorials_4b176b44ab in 0.92s
2025.02.04 10:28:43 INFO  compiling language-tutorials_4b176b44ab (25 scala sources and 292 java sources)
2025.02.04 10:28:43 INFO  time: compiled language-tutorials_4b176b44ab in 0.85s
2025.02.04 10:29:12 INFO  compiling language-tutorials_4b176b44ab (25 scala sources and 292 java sources)
2025.02.04 10:29:12 INFO  time: compiled language-tutorials_4b176b44ab in 0.92s
Feb 04, 2025 10:29:16 AM org.eclipse.lsp4j.jsonrpc.services.GenericEndpoint notify
WARNING: Unsupported notification method: metals/windowStateDidChange
Feb 04, 2025 10:29:20 AM org.eclipse.lsp4j.jsonrpc.services.GenericEndpoint notify
WARNING: Unsupported notification method: metals/windowStateDidChange
2025.02.04 10:29:23 INFO  compiling language-tutorials_4b176b44ab (25 scala sources and 292 java sources)
2025.02.04 10:29:23 INFO  time: compiled language-tutorials_4b176b44ab in 0.9s
2025.02.04 10:29:25 INFO  compiling language-tutorials_4b176b44ab (25 scala sources and 292 java sources)
Feb 04, 2025 10:29:25 AM org.eclipse.lsp4j.jsonrpc.services.GenericEndpoint notify
WARNING: Unsupported notification method: metals/windowStateDidChange
2025.02.04 10:29:25 INFO  time: compiled language-tutorials_4b176b44ab in 0.87s
Feb 04, 2025 10:29:41 AM org.eclipse.lsp4j.jsonrpc.services.GenericEndpoint notify
WARNING: Unsupported notification method: metals/windowStateDidChange
Feb 04, 2025 10:29:48 AM org.eclipse.lsp4j.jsonrpc.services.GenericEndpoint notify
WARNING: Unsupported notification method: metals/windowStateDidChange
Feb 04, 2025 10:29:50 AM org.eclipse.lsp4j.jsonrpc.services.GenericEndpoint notify
WARNING: Unsupported notification method: metals/windowStateDidChange
Feb 04, 2025 10:29:59 AM org.eclipse.lsp4j.jsonrpc.services.GenericEndpoint notify
WARNING: Unsupported notification method: metals/windowStateDidChange
2025.02.04 10:29:59 INFO  compiling language-tutorials_4b176b44ab (25 scala sources and 292 java sources)
2025.02.04 10:30:00 INFO  time: compiled language-tutorials_4b176b44ab in 1.01s
Feb 04, 2025 10:30:01 AM org.eclipse.lsp4j.jsonrpc.services.GenericEndpoint notify
WARNING: Unsupported notification method: metals/windowStateDidChange
2025.02.04 10:30:04 INFO  compiling language-tutorials_4b176b44ab (25 scala sources and 292 java sources)
2025.02.04 10:30:04 INFO  time: compiled language-tutorials_4b176b44ab in 0.86s
2025.02.04 10:30:09 INFO  compiling language-tutorials_4b176b44ab (25 scala sources and 292 java sources)
Feb 04, 2025 10:30:09 AM org.eclipse.lsp4j.jsonrpc.services.GenericEndpoint notify
WARNING: Unsupported notification method: metals/windowStateDidChange
2025.02.04 10:30:09 INFO  time: compiled language-tutorials_4b176b44ab in 0.9s
Feb 04, 2025 10:30:18 AM org.eclipse.lsp4j.jsonrpc.services.GenericEndpoint notify
WARNING: Unsupported notification method: metals/windowStateDidChange
Feb 04, 2025 10:30:25 AM org.eclipse.lsp4j.jsonrpc.services.GenericEndpoint notify
WARNING: Unsupported notification method: metals/windowStateDidChange
Feb 04, 2025 10:30:27 AM org.eclipse.lsp4j.jsonrpc.services.GenericEndpoint notify
WARNING: Unsupported notification method: metals/windowStateDidChange
Feb 04, 2025 10:30:33 AM org.eclipse.lsp4j.jsonrpc.RemoteEndpoint handleCancellation
WARNING: Unmatched cancel notification for request id 652
2025.02.04 10:30:37 INFO  compiling language-tutorials_4b176b44ab (25 scala sources and 292 java sources)
Feb 04, 2025 10:30:38 AM org.eclipse.lsp4j.jsonrpc.services.GenericEndpoint notify
WARNING: Unsupported notification method: metals/windowStateDidChange
2025.02.04 10:30:38 INFO  time: compiled language-tutorials_4b176b44ab in 1.08s
Feb 04, 2025 10:30:39 AM org.eclipse.lsp4j.jsonrpc.services.GenericEndpoint notify
WARNING: Unsupported notification method: metals/windowStateDidChange
2025.02.04 10:30:43 INFO  compiling language-tutorials_4b176b44ab (25 scala sources and 292 java sources)
2025.02.04 10:30:43 INFO  time: compiled language-tutorials_4b176b44ab in 0.86s
Feb 04, 2025 10:30:51 AM org.eclipse.lsp4j.jsonrpc.services.GenericEndpoint notify
WARNING: Unsupported notification method: metals/windowStateDidChange
Feb 04, 2025 10:30:53 AM org.eclipse.lsp4j.jsonrpc.services.GenericEndpoint notify
WARNING: Unsupported notification method: metals/windowStateDidChange
Feb 04, 2025 10:30:55 AM org.eclipse.lsp4j.jsonrpc.RemoteEndpoint handleCancellation
WARNING: Unmatched cancel notification for request id 766
Feb 04, 2025 10:30:57 AM org.eclipse.lsp4j.jsonrpc.services.GenericEndpoint notify
WARNING: Unsupported notification method: metals/windowStateDidChange
2025.02.04 10:30:57 INFO  compiling language-tutorials_4b176b44ab (25 scala sources and 292 java sources)
2025.02.04 10:30:57 INFO  time: compiled language-tutorials_4b176b44ab in 0.9s
Feb 04, 2025 10:31:05 AM org.eclipse.lsp4j.jsonrpc.services.GenericEndpoint notify
WARNING: Unsupported notification method: metals/windowStateDidChange
2025.02.04 10:31:07 INFO  compiling language-tutorials_4b176b44ab (25 scala sources and 292 java sources)
2025.02.04 10:31:07 INFO  time: compiled language-tutorials_4b176b44ab in 0.86s
Feb 04, 2025 10:31:26 AM org.eclipse.lsp4j.jsonrpc.services.GenericEndpoint notify
WARNING: Unsupported notification method: metals/windowStateDidChange
Feb 04, 2025 10:31:30 AM org.eclipse.lsp4j.jsonrpc.services.GenericEndpoint notify
WARNING: Unsupported notification method: metals/windowStateDidChange
Feb 04, 2025 10:31:34 AM org.eclipse.lsp4j.jsonrpc.RemoteEndpoint handleCancellation
WARNING: Unmatched cancel notification for request id 870
Feb 04, 2025 10:31:38 AM org.eclipse.lsp4j.jsonrpc.services.GenericEndpoint notify
WARNING: Unsupported notification method: metals/windowStateDidChange
Feb 04, 2025 10:31:40 AM org.eclipse.lsp4j.jsonrpc.services.GenericEndpoint notify
WARNING: Unsupported notification method: metals/windowStateDidChange
Feb 04, 2025 10:31:44 AM org.eclipse.lsp4j.jsonrpc.services.GenericEndpoint notify
WARNING: Unsupported notification method: metals/windowStateDidChange
Feb 04, 2025 10:32:10 AM org.eclipse.lsp4j.jsonrpc.services.GenericEndpoint notify
WARNING: Unsupported notification method: metals/windowStateDidChange
Feb 04, 2025 10:32:12 AM org.eclipse.lsp4j.jsonrpc.services.GenericEndpoint notify
WARNING: Unsupported notification method: metals/windowStateDidChange
Feb 04, 2025 10:32:13 AM org.eclipse.lsp4j.jsonrpc.services.GenericEndpoint notify
WARNING: Unsupported notification method: metals/windowStateDidChange
Feb 04, 2025 10:32:15 AM org.eclipse.lsp4j.jsonrpc.services.GenericEndpoint notify
WARNING: Unsupported notification method: metals/windowStateDidChange
Feb 04, 2025 10:32:16 AM org.eclipse.lsp4j.jsonrpc.services.GenericEndpoint notify
WARNING: Unsupported notification method: metals/windowStateDidChange
2025.02.04 10:32:21 INFO  compiling language-tutorials_4b176b44ab (25 scala sources and 292 java sources)
2025.02.04 10:32:22 INFO  time: compiled language-tutorials_4b176b44ab in 1s
2025.02.04 10:32:27 INFO  compiling language-tutorials_4b176b44ab (25 scala sources and 292 java sources)
2025.02.04 10:32:27 INFO  time: compiled language-tutorials_4b176b44ab in 0.87s
Feb 04, 2025 10:32:30 AM scala.meta.internal.metals.StdReporter $anonfun$create$1
SEVERE: empty definition using pc, found symbol in pc: `<none>`. (full report at: /Users/yongjian.tek/Desktop/language-tutorials/.metals/.reports/metals-full/2025-01-26/r_empty-definition_(language-tutorials_4b176b44ab-test)_00-32-48-966.md)
Feb 04, 2025 10:32:31 AM scala.meta.internal.metals.StdReporter $anonfun$create$1
SEVERE: empty definition using pc, found symbol in pc: `<none>`. (full report at: /Users/yongjian.tek/Desktop/language-tutorials/.metals/.reports/metals-full/2025-01-26/r_empty-definition_(language-tutorials_4b176b44ab-test)_00-32-48-966.md)
Feb 04, 2025 10:32:31 AM scala.meta.internal.metals.StdReporter $anonfun$create$1
SEVERE: empty definition using pc, found symbol in pc: `<none>`. (full report at: /Users/yongjian.tek/Desktop/language-tutorials/.metals/.reports/metals-full/2025-01-26/r_empty-definition_(language-tutorials_4b176b44ab-test)_00-32-48-966.md)
2025.02.04 10:32:32 INFO  compiling language-tutorials_4b176b44ab (25 scala sources and 292 java sources)
2025.02.04 10:32:33 INFO  time: compiled language-tutorials_4b176b44ab in 1.24s
Feb 04, 2025 10:32:34 AM org.eclipse.lsp4j.jsonrpc.services.GenericEndpoint notify
WARNING: Unsupported notification method: metals/windowStateDidChange
Feb 04, 2025 10:33:19 AM org.eclipse.lsp4j.jsonrpc.services.GenericEndpoint notify
WARNING: Unsupported notification method: metals/windowStateDidChange
Feb 04, 2025 10:48:59 AM org.eclipse.lsp4j.jsonrpc.services.GenericEndpoint notify
WARNING: Unsupported notification method: metals/windowStateDidChange
Feb 04, 2025 10:49:01 AM org.eclipse.lsp4j.jsonrpc.services.GenericEndpoint notify
WARNING: Unsupported notification method: metals/windowStateDidChange
Feb 04, 2025 10:49:34 AM org.eclipse.lsp4j.jsonrpc.services.GenericEndpoint notify
WARNING: Unsupported notification method: metals/windowStateDidChange
Feb 04, 2025 10:49:35 AM org.eclipse.lsp4j.jsonrpc.services.GenericEndpoint notify
WARNING: Unsupported notification method: metals/windowStateDidChange
Feb 04, 2025 10:49:36 AM org.eclipse.lsp4j.jsonrpc.services.GenericEndpoint notify
WARNING: Unsupported notification method: metals/windowStateDidChange
Feb 04, 2025 10:49:51 AM org.eclipse.lsp4j.jsonrpc.services.GenericEndpoint notify
WARNING: Unsupported notification method: metals/windowStateDidChange
2025.02.04 10:50:11 INFO  compiling language-tutorials_4b176b44ab (25 scala sources and 292 java sources)
2025.02.04 10:50:11 INFO  time: compiled language-tutorials_4b176b44ab in 0.94s
2025.02.04 10:50:19 INFO  compiling language-tutorials_4b176b44ab (25 scala sources and 292 java sources)
2025.02.04 10:50:19 INFO  time: compiled language-tutorials_4b176b44ab in 0.89s
Feb 04, 2025 10:50:24 AM scala.meta.internal.metals.StdReporter $anonfun$create$1
SEVERE: empty definition using pc, found symbol in pc: mod3_slides4/ (full report at: /Users/yongjian.tek/Desktop/language-tutorials/.metals/.reports/metals-full/2025-02-04/r_empty-definition_(language-tutorials_4b176b44ab)_10-50-24-119.md)
2025.02.04 10:50:25 INFO  compiling language-tutorials_4b176b44ab (25 scala sources and 292 java sources)
2025.02.04 10:50:25 INFO  time: compiled language-tutorials_4b176b44ab in 0.87s
2025.02.04 10:50:40 INFO  compiling language-tutorials_4b176b44ab (25 scala sources and 292 java sources)
2025.02.04 10:50:40 INFO  time: compiled language-tutorials_4b176b44ab in 0.88s
2025.02.04 10:50:45 INFO  compiling language-tutorials_4b176b44ab (25 scala sources and 292 java sources)
2025.02.04 10:50:45 INFO  time: compiled language-tutorials_4b176b44ab in 0.89s
Feb 04, 2025 10:50:49 AM org.eclipse.lsp4j.jsonrpc.services.GenericEndpoint notify
WARNING: Unsupported notification method: metals/windowStateDidChange
Feb 04, 2025 10:50:51 AM org.eclipse.lsp4j.jsonrpc.services.GenericEndpoint notify
WARNING: Unsupported notification method: metals/windowStateDidChange
2025.02.04 10:50:53 INFO  compiling language-tutorials_4b176b44ab (25 scala sources and 292 java sources)
2025.02.04 10:50:53 INFO  time: compiled language-tutorials_4b176b44ab in 0.99s
Feb 04, 2025 10:51:15 AM org.eclipse.lsp4j.jsonrpc.RemoteEndpoint handleCancellation
WARNING: Unmatched cancel notification for request id 1384
Feb 04, 2025 10:51:29 AM org.eclipse.lsp4j.jsonrpc.services.GenericEndpoint notify
WARNING: Unsupported notification method: metals/windowStateDidChange
Feb 04, 2025 10:51:30 AM org.eclipse.lsp4j.jsonrpc.services.GenericEndpoint notify
WARNING: Unsupported notification method: metals/windowStateDidChange
2025.02.04 10:51:32 WARN  Could not find 'NaturalNum' using presentation compiler nor semanticdb. Trying to guess the definition using available information from local class context. 
Feb 04, 2025 10:51:32 AM scala.meta.internal.metals.StdReporter $anonfun$create$1
SEVERE: empty definition using pc, found symbol in pc: `<none>`. (full report at: /Users/yongjian.tek/Desktop/language-tutorials/.metals/.reports/metals-full/2025-01-26/r_empty-definition_(language-tutorials_4b176b44ab-test)_00-32-48-966.md)
2025.02.04 10:51:34 INFO  compiling language-tutorials_4b176b44ab (25 scala sources and 292 java sources)
2025.02.04 10:51:34 INFO  time: compiled language-tutorials_4b176b44ab in 0.94s
2025.02.04 10:51:40 INFO  compiling language-tutorials_4b176b44ab (25 scala sources and 292 java sources)
Feb 04, 2025 10:51:41 AM scala.meta.internal.metals.StdReporter $anonfun$create$1
SEVERE: empty definition using pc, found symbol in pc: `<none>`. (full report at: /Users/yongjian.tek/Desktop/language-tutorials/.metals/.reports/metals-full/2025-01-26/r_empty-definition_(language-tutorials_4b176b44ab-test)_00-32-48-966.md)
2025.02.04 10:51:41 INFO  time: compiled language-tutorials_4b176b44ab in 1.05s
Feb 04, 2025 10:51:44 AM scala.meta.internal.metals.StdReporter $anonfun$create$1
SEVERE: empty definition using pc, found symbol in pc: `<none>`. (full report at: /Users/yongjian.tek/Desktop/language-tutorials/.metals/.reports/metals-full/2025-01-26/r_empty-definition_(language-tutorials_4b176b44ab-test)_00-32-48-966.md)
Feb 04, 2025 10:51:47 AM scala.meta.internal.metals.StdReporter $anonfun$create$1
SEVERE: empty definition using pc, found symbol in pc: `<none>`. (full report at: /Users/yongjian.tek/Desktop/language-tutorials/.metals/.reports/metals-full/2025-01-26/r_empty-definition_(language-tutorials_4b176b44ab-test)_00-32-48-966.md)
2025.02.04 10:51:59 INFO  compiling language-tutorials_4b176b44ab (25 scala sources and 292 java sources)
2025.02.04 10:51:59 INFO  time: compiled language-tutorials_4b176b44ab in 0.94s
2025.02.04 10:52:20 INFO  compiling language-tutorials_4b176b44ab (25 scala sources and 292 java sources)
2025.02.04 10:52:20 INFO  time: compiled language-tutorials_4b176b44ab in 0.91s
2025.02.04 10:52:21 INFO  compiling language-tutorials_4b176b44ab (25 scala sources and 292 java sources)
2025.02.04 10:52:21 INFO  time: compiled language-tutorials_4b176b44ab in 0.98s
Feb 04, 2025 10:52:26 AM org.eclipse.lsp4j.jsonrpc.services.GenericEndpoint notify
WARNING: Unsupported notification method: metals/windowStateDidChange
Feb 04, 2025 10:52:37 AM org.eclipse.lsp4j.jsonrpc.services.GenericEndpoint notify
WARNING: Unsupported notification method: metals/windowStateDidChange
Feb 04, 2025 10:53:20 AM scala.meta.internal.metals.StdReporter $anonfun$create$1
SEVERE: empty definition using pc, found symbol in pc: `<none>`. (full report at: /Users/yongjian.tek/Desktop/language-tutorials/.metals/.reports/metals-full/2025-01-26/r_empty-definition_(language-tutorials_4b176b44ab-test)_00-32-48-966.md)
Feb 04, 2025 10:53:21 AM org.eclipse.lsp4j.jsonrpc.services.GenericEndpoint notify
WARNING: Unsupported notification method: metals/windowStateDidChange
Feb 04, 2025 10:54:11 AM org.eclipse.lsp4j.jsonrpc.services.GenericEndpoint notify
WARNING: Unsupported notification method: metals/windowStateDidChange
Feb 04, 2025 10:54:57 AM org.eclipse.lsp4j.jsonrpc.services.GenericEndpoint notify
WARNING: Unsupported notification method: metals/windowStateDidChange
Feb 04, 2025 10:54:57 AM org.eclipse.lsp4j.jsonrpc.services.GenericEndpoint notify
WARNING: Unsupported notification method: metals/windowStateDidChange
Feb 04, 2025 10:54:58 AM org.eclipse.lsp4j.jsonrpc.services.GenericEndpoint notify
WARNING: Unsupported notification method: metals/windowStateDidChange
Feb 04, 2025 10:54:59 AM org.eclipse.lsp4j.jsonrpc.services.GenericEndpoint notify
WARNING: Unsupported notification method: metals/windowStateDidChange
Feb 04, 2025 10:55:00 AM org.eclipse.lsp4j.jsonrpc.services.GenericEndpoint notify
WARNING: Unsupported notification method: metals/windowStateDidChange
Feb 04, 2025 10:55:54 AM org.eclipse.lsp4j.jsonrpc.services.GenericEndpoint notify
WARNING: Unsupported notification method: metals/windowStateDidChange
Feb 04, 2025 10:56:05 AM org.eclipse.lsp4j.jsonrpc.RemoteEndpoint handleCancellation
WARNING: Unmatched cancel notification for request id 1738
2025.02.04 10:56:07 INFO  compiling language-tutorials_4b176b44ab (25 scala sources and 292 java sources)
2025.02.04 10:56:07 INFO  time: compiled language-tutorials_4b176b44ab in 0.98s
2025.02.04 10:56:14 INFO  compiling language-tutorials_4b176b44ab (25 scala sources and 292 java sources)
2025.02.04 10:56:15 INFO  time: compiled language-tutorials_4b176b44ab in 1.02s
2025.02.04 10:56:33 INFO  compiling language-tutorials_4b176b44ab (25 scala sources and 292 java sources)
2025.02.04 10:56:34 INFO  time: compiled language-tutorials_4b176b44ab in 1.05s
2025.02.04 10:56:36 INFO  compiling language-tutorials_4b176b44ab (25 scala sources and 292 java sources)
2025.02.04 10:56:37 INFO  time: compiled language-tutorials_4b176b44ab in 1.07s
2025.02.04 10:56:47 INFO  compiling language-tutorials_4b176b44ab (25 scala sources and 292 java sources)
Feb 04, 2025 10:56:47 AM scala.meta.internal.metals.StdReporter $anonfun$create$1
SEVERE: empty definition using pc, found symbol in pc: `<none>`. (full report at: /Users/yongjian.tek/Desktop/language-tutorials/.metals/.reports/metals-full/2025-01-26/r_empty-definition_(language-tutorials_4b176b44ab-test)_00-32-48-966.md)
Feb 04, 2025 10:56:47 AM scala.meta.internal.metals.StdReporter $anonfun$create$1
SEVERE: empty definition using pc, found symbol in pc: `<none>`. (full report at: /Users/yongjian.tek/Desktop/language-tutorials/.metals/.reports/metals-full/2025-01-26/r_empty-definition_(language-tutorials_4b176b44ab-test)_00-32-48-966.md)
Feb 04, 2025 10:56:47 AM scala.meta.internal.metals.StdReporter $anonfun$create$1
SEVERE: empty definition using pc, found symbol in pc: `<none>`. (full report at: /Users/yongjian.tek/Desktop/language-tutorials/.metals/.reports/metals-full/2025-01-26/r_empty-definition_(language-tutorials_4b176b44ab-test)_00-32-48-966.md)
Feb 04, 2025 10:56:48 AM scala.meta.internal.metals.StdReporter $anonfun$create$1
SEVERE: empty definition using pc, found symbol in pc: `<none>`. (full report at: /Users/yongjian.tek/Desktop/language-tutorials/.metals/.reports/metals-full/2025-01-26/r_empty-definition_(language-tutorials_4b176b44ab-test)_00-32-48-966.md)
2025.02.04 10:56:48 INFO  time: compiled language-tutorials_4b176b44ab in 1.14s
Feb 04, 2025 10:56:49 AM scala.meta.internal.metals.StdReporter $anonfun$create$1
SEVERE: empty definition using pc, found symbol in pc: `<none>`. (full report at: /Users/yongjian.tek/Desktop/language-tutorials/.metals/.reports/metals-full/2025-01-26/r_empty-definition_(language-tutorials_4b176b44ab-test)_00-32-48-966.md)
2025.02.04 10:56:50 INFO  compiling language-tutorials_4b176b44ab (25 scala sources and 292 java sources)
2025.02.04 10:56:50 INFO  time: compiled language-tutorials_4b176b44ab in 0.92s
2025.02.04 10:56:58 INFO  compiling language-tutorials_4b176b44ab (25 scala sources and 292 java sources)
2025.02.04 10:56:59 INFO  time: compiled language-tutorials_4b176b44ab in 1.15s
2025.02.04 10:57:07 INFO  compiling language-tutorials_4b176b44ab (25 scala sources and 292 java sources)
2025.02.04 10:57:08 INFO  time: compiled language-tutorials_4b176b44ab in 1.02s
Feb 04, 2025 10:57:12 AM org.eclipse.lsp4j.jsonrpc.services.GenericEndpoint notify
WARNING: Unsupported notification method: metals/windowStateDidChange
Feb 04, 2025 10:58:05 AM org.eclipse.lsp4j.jsonrpc.services.GenericEndpoint notify
WARNING: Unsupported notification method: metals/windowStateDidChange
Feb 04, 2025 10:58:06 AM org.eclipse.lsp4j.jsonrpc.services.GenericEndpoint notify
WARNING: Unsupported notification method: metals/windowStateDidChange
Feb 04, 2025 10:59:15 AM org.eclipse.lsp4j.jsonrpc.services.GenericEndpoint notify
WARNING: Unsupported notification method: metals/windowStateDidChange
Feb 04, 2025 10:59:24 AM org.eclipse.lsp4j.jsonrpc.services.GenericEndpoint notify
WARNING: Unsupported notification method: metals/windowStateDidChange
Feb 04, 2025 10:59:25 AM org.eclipse.lsp4j.jsonrpc.services.GenericEndpoint notify
WARNING: Unsupported notification method: metals/windowStateDidChange
Feb 04, 2025 10:59:28 AM org.eclipse.lsp4j.jsonrpc.services.GenericEndpoint notify
WARNING: Unsupported notification method: metals/windowStateDidChange
Feb 04, 2025 10:59:33 AM org.eclipse.lsp4j.jsonrpc.services.GenericEndpoint notify
WARNING: Unsupported notification method: metals/windowStateDidChange
Feb 04, 2025 10:59:35 AM org.eclipse.lsp4j.jsonrpc.services.GenericEndpoint notify
WARNING: Unsupported notification method: metals/windowStateDidChange
Feb 04, 2025 10:59:37 AM org.eclipse.lsp4j.jsonrpc.services.GenericEndpoint notify
WARNING: Unsupported notification method: metals/windowStateDidChange
Feb 04, 2025 10:59:38 AM org.eclipse.lsp4j.jsonrpc.services.GenericEndpoint notify
WARNING: Unsupported notification method: metals/windowStateDidChange
Feb 04, 2025 10:59:41 AM org.eclipse.lsp4j.jsonrpc.services.GenericEndpoint notify
WARNING: Unsupported notification method: metals/windowStateDidChange
Feb 04, 2025 10:59:44 AM org.eclipse.lsp4j.jsonrpc.services.GenericEndpoint notify
WARNING: Unsupported notification method: metals/windowStateDidChange
Feb 04, 2025 10:59:45 AM org.eclipse.lsp4j.jsonrpc.services.GenericEndpoint notify
WARNING: Unsupported notification method: metals/windowStateDidChange
Feb 04, 2025 10:59:47 AM org.eclipse.lsp4j.jsonrpc.services.GenericEndpoint notify
WARNING: Unsupported notification method: metals/windowStateDidChange
Feb 04, 2025 10:59:49 AM org.eclipse.lsp4j.jsonrpc.services.GenericEndpoint notify
WARNING: Unsupported notification method: metals/windowStateDidChange
Feb 04, 2025 10:59:50 AM org.eclipse.lsp4j.jsonrpc.services.GenericEndpoint notify
WARNING: Unsupported notification method: metals/windowStateDidChange
Feb 04, 2025 10:59:51 AM org.eclipse.lsp4j.jsonrpc.services.GenericEndpoint notify
WARNING: Unsupported notification method: metals/windowStateDidChange
Feb 04, 2025 11:00:04 AM org.eclipse.lsp4j.jsonrpc.services.GenericEndpoint notify
WARNING: Unsupported notification method: metals/windowStateDidChange
Feb 04, 2025 11:00:26 AM org.eclipse.lsp4j.jsonrpc.services.GenericEndpoint notify
WARNING: Unsupported notification method: metals/windowStateDidChange
Feb 04, 2025 11:00:32 AM org.eclipse.lsp4j.jsonrpc.services.GenericEndpoint notify
WARNING: Unsupported notification method: metals/windowStateDidChange
Feb 04, 2025 11:00:34 AM org.eclipse.lsp4j.jsonrpc.services.GenericEndpoint notify
WARNING: Unsupported notification method: metals/windowStateDidChange
Feb 04, 2025 11:00:37 AM org.eclipse.lsp4j.jsonrpc.services.GenericEndpoint notify
WARNING: Unsupported notification method: metals/windowStateDidChange
Feb 04, 2025 11:00:39 AM org.eclipse.lsp4j.jsonrpc.services.GenericEndpoint notify
WARNING: Unsupported notification method: metals/windowStateDidChange
Feb 04, 2025 11:00:45 AM org.eclipse.lsp4j.jsonrpc.RemoteEndpoint handleCancellation
WARNING: Unmatched cancel notification for request id 2004
2025.02.04 11:00:47 INFO  compiling language-tutorials_4b176b44ab (25 scala sources and 292 java sources)
Feb 04, 2025 11:00:47 AM org.eclipse.lsp4j.jsonrpc.services.GenericEndpoint notify
WARNING: Unsupported notification method: metals/windowStateDidChange
2025.02.04 11:00:48 INFO  time: compiled language-tutorials_4b176b44ab in 1.02s
Feb 04, 2025 11:00:49 AM org.eclipse.lsp4j.jsonrpc.services.GenericEndpoint notify
WARNING: Unsupported notification method: metals/windowStateDidChange
Feb 04, 2025 11:00:54 AM org.eclipse.lsp4j.jsonrpc.services.GenericEndpoint notify
WARNING: Unsupported notification method: metals/windowStateDidChange
Feb 04, 2025 11:00:59 AM org.eclipse.lsp4j.jsonrpc.services.GenericEndpoint notify
WARNING: Unsupported notification method: metals/windowStateDidChange
2025.02.04 11:01:04 INFO  compiling language-tutorials_4b176b44ab (25 scala sources and 292 java sources)
2025.02.04 11:01:05 INFO  time: compiled language-tutorials_4b176b44ab in 1.1s
2025.02.04 11:01:19 INFO  compiling language-tutorials_4b176b44ab (25 scala sources and 292 java sources)
2025.02.04 11:01:19 INFO  time: compiled language-tutorials_4b176b44ab in 0.94s
Feb 04, 2025 11:01:28 AM org.eclipse.lsp4j.jsonrpc.services.GenericEndpoint notify
WARNING: Unsupported notification method: metals/windowStateDidChange
Feb 04, 2025 11:01:31 AM org.eclipse.lsp4j.jsonrpc.services.GenericEndpoint notify
WARNING: Unsupported notification method: metals/windowStateDidChange
Feb 04, 2025 11:01:51 AM org.eclipse.lsp4j.jsonrpc.RemoteEndpoint handleCancellation
WARNING: Unmatched cancel notification for request id 2207
2025.02.04 11:01:58 INFO  compiling language-tutorials_4b176b44ab (25 scala sources and 292 java sources)
2025.02.04 11:01:59 INFO  time: compiled language-tutorials_4b176b44ab in 1.01s
2025.02.04 11:02:04 INFO  compiling language-tutorials_4b176b44ab (25 scala sources and 292 java sources)
2025.02.04 11:02:06 INFO  time: compiled language-tutorials_4b176b44ab in 1.12s
2025.02.04 11:02:06 INFO  compiling language-tutorials_4b176b44ab (25 scala sources and 292 java sources)
Feb 04, 2025 11:02:06 AM org.eclipse.lsp4j.jsonrpc.services.GenericEndpoint notify
WARNING: Unsupported notification method: metals/windowStateDidChange
2025.02.04 11:02:07 INFO  time: compiled language-tutorials_4b176b44ab in 1.18s
Feb 04, 2025 11:02:20 AM org.eclipse.lsp4j.jsonrpc.services.GenericEndpoint notify
WARNING: Unsupported notification method: metals/windowStateDidChange
Feb 04, 2025 11:02:26 AM org.eclipse.lsp4j.jsonrpc.services.GenericEndpoint notify
WARNING: Unsupported notification method: metals/windowStateDidChange
Feb 04, 2025 11:02:33 AM org.eclipse.lsp4j.jsonrpc.services.GenericEndpoint notify
WARNING: Unsupported notification method: metals/windowStateDidChange
2025.02.04 11:02:38 INFO  compiling language-tutorials_4b176b44ab (25 scala sources and 292 java sources)
2025.02.04 11:02:39 INFO  time: compiled language-tutorials_4b176b44ab in 1.29s
2025.02.04 11:02:48 INFO  compiling language-tutorials_4b176b44ab (25 scala sources and 292 java sources)
2025.02.04 11:02:48 INFO  time: compiled language-tutorials_4b176b44ab in 0.98s
2025.02.04 11:02:49 INFO  compiling language-tutorials_4b176b44ab (25 scala sources and 292 java sources)
2025.02.04 11:02:50 WARN  Could not find 'Zero' using presentation compiler nor semanticdb. Trying to guess the definition using available information from local class context. 
Feb 04, 2025 11:02:50 AM scala.meta.internal.metals.StdReporter $anonfun$create$1
SEVERE: empty definition using pc, found symbol in pc:  (full report at: /Users/yongjian.tek/Desktop/language-tutorials/.metals/.reports/metals-full/2025-02-04/r_empty-definition_(language-tutorials_4b176b44ab)_11-02-50-094.md)
2025.02.04 11:02:51 INFO  time: compiled language-tutorials_4b176b44ab in 1.05s
2025.02.04 11:03:00 INFO  compiling language-tutorials_4b176b44ab (25 scala sources and 292 java sources)
2025.02.04 11:03:00 INFO  time: compiled language-tutorials_4b176b44ab in 0.98s
2025.02.04 11:03:39 INFO  compiling language-tutorials_4b176b44ab (25 scala sources and 292 java sources)
2025.02.04 11:03:39 INFO  time: compiled language-tutorials_4b176b44ab in 0.99s
Feb 04, 2025 11:04:35 AM org.eclipse.lsp4j.jsonrpc.services.GenericEndpoint notify
WARNING: Unsupported notification method: metals/windowStateDidChange
Feb 04, 2025 11:04:45 AM org.eclipse.lsp4j.jsonrpc.services.GenericEndpoint notify
WARNING: Unsupported notification method: metals/windowStateDidChange
2025.02.04 11:05:38 INFO  compiling language-tutorials_4b176b44ab (25 scala sources and 292 java sources)
2025.02.04 11:05:39 INFO  time: compiled language-tutorials_4b176b44ab in 1.14s
Feb 04, 2025 11:05:44 AM org.eclipse.lsp4j.jsonrpc.services.GenericEndpoint notify
WARNING: Unsupported notification method: metals/windowStateDidChange
Feb 04, 2025 11:06:25 AM org.eclipse.lsp4j.jsonrpc.services.GenericEndpoint notify
WARNING: Unsupported notification method: metals/windowStateDidChange
Feb 04, 2025 11:11:12 AM org.eclipse.lsp4j.jsonrpc.services.GenericEndpoint notify
WARNING: Unsupported notification method: metals/windowStateDidChange
Feb 04, 2025 11:11:17 AM org.eclipse.lsp4j.jsonrpc.services.GenericEndpoint notify
WARNING: Unsupported notification method: metals/windowStateDidChange
Feb 04, 2025 11:11:24 AM org.eclipse.lsp4j.jsonrpc.services.GenericEndpoint notify
WARNING: Unsupported notification method: metals/windowStateDidChange
Feb 04, 2025 11:11:43 AM org.eclipse.lsp4j.jsonrpc.services.GenericEndpoint notify
WARNING: Unsupported notification method: metals/windowStateDidChange
Feb 04, 2025 11:11:55 AM org.eclipse.lsp4j.jsonrpc.services.GenericEndpoint notify
WARNING: Unsupported notification method: metals/windowStateDidChange
Feb 04, 2025 11:12:49 AM org.eclipse.lsp4j.jsonrpc.services.GenericEndpoint notify
WARNING: Unsupported notification method: metals/windowStateDidChange
Feb 04, 2025 11:12:50 AM org.eclipse.lsp4j.jsonrpc.services.GenericEndpoint notify
WARNING: Unsupported notification method: metals/windowStateDidChange
Feb 04, 2025 11:12:53 AM org.eclipse.lsp4j.jsonrpc.services.GenericEndpoint notify
WARNING: Unsupported notification method: metals/windowStateDidChange
Feb 04, 2025 11:12:55 AM org.eclipse.lsp4j.jsonrpc.services.GenericEndpoint notify
WARNING: Unsupported notification method: metals/windowStateDidChange
Feb 04, 2025 11:13:04 AM org.eclipse.lsp4j.jsonrpc.services.GenericEndpoint notify
WARNING: Unsupported notification method: metals/windowStateDidChange
Feb 04, 2025 11:13:26 AM org.eclipse.lsp4j.jsonrpc.services.GenericEndpoint notify
WARNING: Unsupported notification method: metals/windowStateDidChange
Feb 04, 2025 11:14:30 AM org.eclipse.lsp4j.jsonrpc.services.GenericEndpoint notify
WARNING: Unsupported notification method: metals/windowStateDidChange
Feb 04, 2025 11:18:46 AM org.eclipse.lsp4j.jsonrpc.services.GenericEndpoint notify
WARNING: Unsupported notification method: metals/windowStateDidChange
Feb 04, 2025 11:18:48 AM org.eclipse.lsp4j.jsonrpc.services.GenericEndpoint notify
WARNING: Unsupported notification method: metals/windowStateDidChange
Feb 04, 2025 11:18:49 AM org.eclipse.lsp4j.jsonrpc.services.GenericEndpoint notify
WARNING: Unsupported notification method: metals/windowStateDidChange
Feb 04, 2025 11:18:52 AM org.eclipse.lsp4j.jsonrpc.services.GenericEndpoint notify
WARNING: Unsupported notification method: metals/windowStateDidChange
Feb 04, 2025 11:19:58 AM org.eclipse.lsp4j.jsonrpc.services.GenericEndpoint notify
WARNING: Unsupported notification method: metals/windowStateDidChange
Feb 04, 2025 11:20:07 AM org.eclipse.lsp4j.jsonrpc.services.GenericEndpoint notify
WARNING: Unsupported notification method: metals/windowStateDidChange
Feb 04, 2025 11:20:08 AM org.eclipse.lsp4j.jsonrpc.services.GenericEndpoint notify
WARNING: Unsupported notification method: metals/windowStateDidChange
Feb 04, 2025 11:20:09 AM org.eclipse.lsp4j.jsonrpc.services.GenericEndpoint notify
WARNING: Unsupported notification method: metals/windowStateDidChange
Feb 04, 2025 11:40:25 AM org.eclipse.lsp4j.jsonrpc.services.GenericEndpoint notify
WARNING: Unsupported notification method: metals/windowStateDidChange
Feb 04, 2025 11:40:26 AM org.eclipse.lsp4j.jsonrpc.services.GenericEndpoint notify
WARNING: Unsupported notification method: metals/windowStateDidChange
Feb 04, 2025 11:40:52 AM org.eclipse.lsp4j.jsonrpc.services.GenericEndpoint notify
WARNING: Unsupported notification method: metals/windowStateDidChange
Feb 04, 2025 11:40:54 AM org.eclipse.lsp4j.jsonrpc.services.GenericEndpoint notify
WARNING: Unsupported notification method: metals/windowStateDidChange
Feb 04, 2025 11:50:44 AM org.eclipse.lsp4j.jsonrpc.services.GenericEndpoint notify
WARNING: Unsupported notification method: metals/windowStateDidChange
Feb 04, 2025 11:50:48 AM org.eclipse.lsp4j.jsonrpc.services.GenericEndpoint notify
WARNING: Unsupported notification method: metals/windowStateDidChange
Feb 04, 2025 11:56:45 AM org.eclipse.lsp4j.jsonrpc.services.GenericEndpoint notify
WARNING: Unsupported notification method: metals/windowStateDidChange
Feb 04, 2025 11:56:52 AM org.eclipse.lsp4j.jsonrpc.services.GenericEndpoint notify
WARNING: Unsupported notification method: metals/windowStateDidChange
Feb 04, 2025 11:56:54 AM org.eclipse.lsp4j.jsonrpc.services.GenericEndpoint notify
WARNING: Unsupported notification method: metals/windowStateDidChange
Feb 04, 2025 11:56:55 AM org.eclipse.lsp4j.jsonrpc.services.GenericEndpoint notify
WARNING: Unsupported notification method: metals/windowStateDidChange
2025.02.04 12:02:05 INFO  no build target found for /Users/yongjian.tek/Desktop/language-tutorials/learn-scala/Coursera - Functional Programming in Scala/3. Data and Abstraction/scratchpad/src/main/scala/4-slides copy.scala. Using presentation compiler with project's scala-library version: 3.5.2
2025.02.04 12:02:05 INFO  no build target found for /Users/yongjian.tek/Desktop/language-tutorials/learn-scala/Coursera - Functional Programming in Scala/3. Data and Abstraction/scratchpad/src/main/scala/4-slides copy.scala. Using presentation compiler with project's scala-library version: 3.5.2
2025.02.04 12:02:05 INFO  no build target found for /Users/yongjian.tek/Desktop/language-tutorials/learn-scala/Coursera - Functional Programming in Scala/3. Data and Abstraction/scratchpad/src/main/scala/4-slides copy.scala. Using presentation compiler with project's scala-library version: 3.5.2
2025.02.04 12:02:08 INFO  no build target found for /Users/yongjian.tek/Desktop/language-tutorials/learn-scala/Coursera - Functional Programming in Scala/3. Data and Abstraction/scratchpad/src/main/scala/5-slides.scala. Using presentation compiler with project's scala-library version: 3.5.2
2025.02.04 12:02:08 INFO  no build target found for /Users/yongjian.tek/Desktop/language-tutorials/learn-scala/Coursera - Functional Programming in Scala/3. Data and Abstraction/scratchpad/src/main/scala/5-slides.scala. Using presentation compiler with project's scala-library version: 3.5.2
2025.02.04 12:02:08 INFO  no build target found for /Users/yongjian.tek/Desktop/language-tutorials/learn-scala/Coursera - Functional Programming in Scala/3. Data and Abstraction/scratchpad/src/main/scala/4-slides copy.scala. Using presentation compiler with project's scala-library version: 3.5.2
2025.02.04 12:02:08 INFO  compiling language-tutorials_4b176b44ab (26 scala sources and 292 java sources)
2025.02.04 12:02:09 INFO  running doctor check
2025.02.04 12:02:09 INFO  java targets: language-tutorials_4b176b44ab, language-tutorials_4b176b44ab-test
2025.02.04 12:02:10 INFO  time: indexed workspace in 1.04s
2025.02.04 12:02:10 INFO  time: compiled language-tutorials_4b176b44ab in 1.22s
2025.02.04 12:02:10 INFO  compiling language-tutorials_4b176b44ab (26 scala sources and 292 java sources)
2025.02.04 12:02:10 INFO  Deduplicating compilation of language-tutorials_4b176b44ab from bsp client 'scala-cli 1.5.4' (since 1h 34m 54.056s)
2025.02.04 12:02:10 INFO  compiling language-tutorials_4b176b44ab (26 scala sources and 292 java sources)
2025.02.04 12:02:11 INFO  time: compiled language-tutorials_4b176b44ab in 1.05s
2025.02.04 12:02:11 INFO  compiling language-tutorials_4b176b44ab (26 scala sources and 292 java sources)
2025.02.04 12:02:12 INFO  time: compiled language-tutorials_4b176b44ab in 0.93s
2025.02.04 12:02:14 INFO  compiling language-tutorials_4b176b44ab (26 scala sources and 292 java sources)
2025.02.04 12:02:15 INFO  time: compiled language-tutorials_4b176b44ab in 1.12s
Feb 04, 2025 12:02:18 PM org.eclipse.lsp4j.jsonrpc.services.GenericEndpoint notify
WARNING: Unsupported notification method: metals/windowStateDidChange
Feb 04, 2025 12:03:05 PM org.eclipse.lsp4j.jsonrpc.services.GenericEndpoint notify
WARNING: Unsupported notification method: metals/windowStateDidChange
Feb 04, 2025 12:03:23 PM org.eclipse.lsp4j.jsonrpc.services.GenericEndpoint notify
WARNING: Unsupported notification method: metals/windowStateDidChange
Feb 04, 2025 12:03:26 PM org.eclipse.lsp4j.jsonrpc.services.GenericEndpoint notify
WARNING: Unsupported notification method: metals/windowStateDidChange
2025.02.04 12:03:31 INFO  compiling language-tutorials_4b176b44ab (26 scala sources and 292 java sources)
2025.02.04 12:03:31 INFO  time: compiled language-tutorials_4b176b44ab in 0.97s
2025.02.04 12:03:49 INFO  compiling language-tutorials_4b176b44ab (26 scala sources and 292 java sources)
2025.02.04 12:03:50 INFO  time: compiled language-tutorials_4b176b44ab in 1.01s
Feb 04, 2025 12:03:56 PM org.eclipse.lsp4j.jsonrpc.RemoteEndpoint handleCancellation
WARNING: Unmatched cancel notification for request id 2736
2025.02.04 12:04:10 INFO  compiling language-tutorials_4b176b44ab (26 scala sources and 292 java sources)
2025.02.04 12:04:10 INFO  time: compiled language-tutorials_4b176b44ab in 0.93s
2025.02.04 12:04:18 INFO  compiling language-tutorials_4b176b44ab (26 scala sources and 292 java sources)
2025.02.04 12:04:19 INFO  time: compiled language-tutorials_4b176b44ab in 1.12s
2025.02.04 12:05:01 INFO  compiling language-tutorials_4b176b44ab (26 scala sources and 292 java sources)
2025.02.04 12:05:01 INFO  time: compiled language-tutorials_4b176b44ab in 0.97s
Feb 04, 2025 12:05:02 PM org.eclipse.lsp4j.jsonrpc.services.GenericEndpoint notify
INFO: Unsupported notification method: $/setTrace
